app/build/intermediates/manifest_merge_blame_file/debug/manifest-merger-blame-debug-report.txt
1<?xml version="1.0" encoding="utf-8"?>
2<manifest xmlns:android="http://schemas.android.com/apk/res/android"
3    package="com.taskmastermdt"
4    android:versionCode="1"
5    android:versionName="1.0" >
6
7    <uses-sdk
8        android:minSdkVersion="24"
8-->src/main/AndroidManifest.xml
9        android:targetSdkVersion="32" />
9-->src/main/AndroidManifest.xml
10
11    <application
11-->src/main/AndroidManifest.xml:5:5-63:19
12        android:allowBackup="true"
12-->src/main/AndroidManifest.xml:6:9-35
13        android:appComponentFactory="androidx.core.app.CoreComponentFactory"
13-->[androidx.core:core:1.7.0] AndroidManifest.xml:24:18-86
14        android:dataExtractionRules="@xml/data_extraction_rules"
14-->src/main/AndroidManifest.xml:7:9-65
15        android:debuggable="true"
16        android:extractNativeLibs="false"
17        android:fullBackupContent="@xml/backup_rules"
17-->src/main/AndroidManifest.xml:8:9-54
18        android:icon="@mipmap/ic_launcher"
18-->src/main/AndroidManifest.xml:9:9-43
19        android:label="@string/app_name"
19-->src/main/AndroidManifest.xml:10:9-41
20        android:roundIcon="@mipmap/ic_launcher_round"
20-->src/main/AndroidManifest.xml:11:9-54
21        android:supportsRtl="true"
21-->src/main/AndroidManifest.xml:12:9-35
22        android:theme="@style/Theme.TaskmasterMDT" >
22-->src/main/AndroidManifest.xml:13:9-51
23        <activity
23-->src/main/AndroidManifest.xml:15:9-21:20
24            android:name="com.taskmastermdt.TaskListRecyclerViewAdapter"
24-->src/main/AndroidManifest.xml:16:13-56
25            android:exported="false" >
25-->src/main/AndroidManifest.xml:17:13-37
26            <meta-data
26-->src/main/AndroidManifest.xml:18:13-20:36
27                android:name="android.app.lib_name"
27-->src/main/AndroidManifest.xml:19:17-52
28                android:value="" />
28-->src/main/AndroidManifest.xml:20:17-33
29        </activity>
30        <activity
30-->src/main/AndroidManifest.xml:22:9-28:20
31            android:name="com.taskmastermdt.activities.Settings"
31-->src/main/AndroidManifest.xml:23:13-48
32            android:exported="false" >
32-->src/main/AndroidManifest.xml:24:13-37
33            <meta-data
33-->src/main/AndroidManifest.xml:18:13-20:36
34                android:name="android.app.lib_name"
34-->src/main/AndroidManifest.xml:19:17-52
35                android:value="" />
35-->src/main/AndroidManifest.xml:20:17-33
36        </activity>
37        <activity
37-->src/main/AndroidManifest.xml:29:9-35:20
38            android:name="com.taskmastermdt.activities.TaskDetail"
38-->src/main/AndroidManifest.xml:30:13-50
39            android:exported="false" >
39-->src/main/AndroidManifest.xml:31:13-37
40            <meta-data
40-->src/main/AndroidManifest.xml:18:13-20:36
41                android:name="android.app.lib_name"
41-->src/main/AndroidManifest.xml:19:17-52
42                android:value="" />
42-->src/main/AndroidManifest.xml:20:17-33
43        </activity>
44        <activity
44-->src/main/AndroidManifest.xml:36:9-42:20
45            android:name="com.taskmastermdt.activities.AllTasks"
45-->src/main/AndroidManifest.xml:37:13-48
46            android:exported="false" >
46-->src/main/AndroidManifest.xml:38:13-37
47            <meta-data
47-->src/main/AndroidManifest.xml:18:13-20:36
48                android:name="android.app.lib_name"
48-->src/main/AndroidManifest.xml:19:17-52
49                android:value="" />
49-->src/main/AndroidManifest.xml:20:17-33
50        </activity>
51        <activity
51-->src/main/AndroidManifest.xml:43:9-49:20
52            android:name="com.taskmastermdt.activities.AddTask"
52-->src/main/AndroidManifest.xml:44:13-47
53            android:exported="false" >
53-->src/main/AndroidManifest.xml:45:13-37
54            <meta-data
54-->src/main/AndroidManifest.xml:18:13-20:36
55                android:name="android.app.lib_name"
55-->src/main/AndroidManifest.xml:19:17-52
56                android:value="" />
56-->src/main/AndroidManifest.xml:20:17-33
57        </activity>
58        <activity
58-->src/main/AndroidManifest.xml:50:9-62:20
59            android:name="com.taskmastermdt.activities.MainActivity"
59-->src/main/AndroidManifest.xml:51:13-52
60            android:exported="true" >
60-->src/main/AndroidManifest.xml:52:13-36
61            <intent-filter>
61-->src/main/AndroidManifest.xml:53:13-57:29
62                <action android:name="android.intent.action.MAIN" />
62-->src/main/AndroidManifest.xml:54:17-69
62-->src/main/AndroidManifest.xml:54:25-66
63
64                <category android:name="android.intent.category.LAUNCHER" />
64-->src/main/AndroidManifest.xml:56:17-77
64-->src/main/AndroidManifest.xml:56:27-74
65            </intent-filter>
66
67            <meta-data
67-->src/main/AndroidManifest.xml:18:13-20:36
68                android:name="android.app.lib_name"
68-->src/main/AndroidManifest.xml:19:17-52
69                android:value="" />
69-->src/main/AndroidManifest.xml:20:17-33
70        </activity>
71
72        <service
72-->[androidx.room:room-runtime:2.4.3] AndroidManifest.xml:25:9-28:40
73            android:name="androidx.room.MultiInstanceInvalidationService"
73-->[androidx.room:room-runtime:2.4.3] AndroidManifest.xml:26:13-74
74            android:directBootAware="true"
74-->[androidx.room:room-runtime:2.4.3] AndroidManifest.xml:27:13-43
75            android:exported="false" />
75-->[androidx.room:room-runtime:2.4.3] AndroidManifest.xml:28:13-37
76
77        <provider
77-->[androidx.emoji2:emoji2:1.0.0] AndroidManifest.xml:26:9-34:20
78            android:name="androidx.startup.InitializationProvider"
78-->[androidx.emoji2:emoji2:1.0.0] AndroidManifest.xml:27:13-67
79            android:authorities="com.taskmastermdt.androidx-startup"
79-->[androidx.emoji2:emoji2:1.0.0] AndroidManifest.xml:28:13-68
80            android:exported="false" >
80-->[androidx.emoji2:emoji2:1.0.0] AndroidManifest.xml:29:13-37
81            <meta-data
81-->[androidx.emoji2:emoji2:1.0.0] AndroidManifest.xml:31:13-33:52
82                android:name="androidx.emoji2.text.EmojiCompatInitializer"
82-->[androidx.emoji2:emoji2:1.0.0] AndroidManifest.xml:32:17-75
83                android:value="androidx.startup" />
83-->[androidx.emoji2:emoji2:1.0.0] AndroidManifest.xml:33:17-49
84            <meta-data
84-->[androidx.lifecycle:lifecycle-process:2.4.0] AndroidManifest.xml:31:13-33:52
85                android:name="androidx.lifecycle.ProcessLifecycleInitializer"
85-->[androidx.lifecycle:lifecycle-process:2.4.0] AndroidManifest.xml:32:17-78
86                android:value="androidx.startup" />
86-->[androidx.lifecycle:lifecycle-process:2.4.0] AndroidManifest.xml:33:17-49
87        </provider>
88    </application>
89
90</manifest>